22:26:40,441  INFO DefaultTestContextBootstrapper:259 - Loaded default TestExecutionListener class names from location [META-INF/spring.factories]: [org.springframework.test.context.web.ServletTestExecutionListener, org.springframework.test.context.support.DirtiesContextBeforeModesTestExecutionListener, org.springframework.test.context.support.DependencyInjectionTestExecutionListener, org.springframework.test.context.support.DirtiesContextTestExecutionListener, org.springframework.test.context.transaction.TransactionalTestExecutionListener, org.springframework.test.context.jdbc.SqlScriptsTestExecutionListener]
22:26:40,556  INFO DefaultTestContextBootstrapper:185 - Using TestExecutionListeners: [org.springframework.test.context.web.ServletTestExecutionListener@14ae19a, org.springframework.test.context.support.DirtiesContextBeforeModesTestExecutionListener@1214726, org.springframework.test.context.support.DependencyInjectionTestExecutionListener@1c624e2, org.springframework.test.context.support.DirtiesContextTestExecutionListener@19f963e, org.springframework.test.context.transaction.TransactionalTestExecutionListener@40d1b0, org.springframework.test.context.jdbc.SqlScriptsTestExecutionListener@186b570]
22:26:41,756  INFO XmlBeanDefinitionReader:317 - Loading XML bean definitions from class path resource [applicationContext.xml]
22:26:42,587  INFO GenericApplicationContext:578 - Refreshing org.springframework.context.support.GenericApplicationContext@4cdf7e: startup date [Mon Mar 12 22:26:42 CST 2018]; root of context hierarchy
22:26:42,939  INFO AutowiredAnnotationBeanPostProcessor:153 - JSR-330 'javax.inject.Inject' annotation found and supported for autowiring
22:26:43,143  INFO MLog:80 - MLog clients using log4j logging.
22:26:43,341  INFO C3P0Registry:204 - Initializing c3p0-0.9.1.2 [built 21-May-2007 15:04:56; debug? true; trace: 10]
22:26:43,720  INFO LocalContainerEntityManagerFactoryBean:339 - Building JPA container EntityManagerFactory for persistence unit 'default'
22:26:43,720  WARN HibernatePersistence:41 - HHH015016: Encountered a deprecated javax.persistence.spi.PersistenceProvider [org.hibernate.ejb.HibernatePersistence]; use [org.hibernate.jpa.HibernatePersistenceProvider] instead.
22:26:43,793  INFO LogHelper:31 - HHH000204: Processing PersistenceUnitInfo [
	name: default
	...]
22:26:44,231  INFO Version:37 - HHH000412: Hibernate Core {5.0.7.Final}
22:26:44,233  INFO Environment:213 - HHH000206: hibernate.properties not found
22:26:44,239  INFO Environment:317 - HHH000021: Bytecode provider name : javassist
22:26:44,432  INFO Version:66 - HCANN000001: Hibernate Commons Annotations {5.0.1.Final}
22:26:44,784  INFO AbstractPoolBackedDataSource:462 - Initializing c3p0 pool... com.mchange.v2.c3p0.ComboPooledDataSource [ acquireIncrement -> 3, acquireRetryAttempts -> 30, acquireRetryDelay -> 1000, autoCommitOnClose -> false, automaticTestTable -> null, breakAfterAcquireFailure -> false, checkoutTimeout -> 0, connectionCustomizerClassName -> null, connectionTesterClassName -> com.mchange.v2.c3p0.impl.DefaultConnectionTester, dataSourceName -> 1hge9ne9u7drhbat1lmo6|30e58e, debugUnreturnedConnectionStackTraces -> false, description -> null, driverClass -> oracle.jdbc.driver.OracleDriver, factoryClassLocation -> null, forceIgnoreUnresolvedTransactions -> false, identityToken -> 1hge9ne9u7drhbat1lmo6|30e58e, idleConnectionTestPeriod -> 0, initialPoolSize -> 3, jdbcUrl -> jdbc:oracle:thin:@10.10.10.100:1521:ORCL, maxAdministrativeTaskTime -> 0, maxConnectionAge -> 0, maxIdleTime -> 0, maxIdleTimeExcessConnections -> 0, maxPoolSize -> 15, maxStatements -> 0, maxStatementsPerConnection -> 0, minPoolSize -> 3, numHelperThreads -> 3, numThreadsAwaitingCheckoutDefaultUser -> 0, preferredTestQuery -> null, properties -> {user=******, password=******}, propertyCycle -> 0, testConnectionOnCheckin -> false, testConnectionOnCheckout -> false, unreturnedConnectionTimeout -> 0, usesTraditionalReflectiveProxies -> false ]
17:11:51,497  INFO DefaultTestContextBootstrapper:259 - Loaded default TestExecutionListener class names from location [META-INF/spring.factories]: [org.springframework.test.context.web.ServletTestExecutionListener, org.springframework.test.context.support.DirtiesContextBeforeModesTestExecutionListener, org.springframework.test.context.support.DependencyInjectionTestExecutionListener, org.springframework.test.context.support.DirtiesContextTestExecutionListener, org.springframework.test.context.transaction.TransactionalTestExecutionListener, org.springframework.test.context.jdbc.SqlScriptsTestExecutionListener]
17:11:51,806  INFO DefaultTestContextBootstrapper:185 - Using TestExecutionListeners: [org.springframework.test.context.web.ServletTestExecutionListener@1666ada, org.springframework.test.context.support.DirtiesContextBeforeModesTestExecutionListener@f1257f, org.springframework.test.context.support.DependencyInjectionTestExecutionListener@1d4c4b7, org.springframework.test.context.support.DirtiesContextTestExecutionListener@1bf00a9, org.springframework.test.context.transaction.TransactionalTestExecutionListener@c45f52, org.springframework.test.context.jdbc.SqlScriptsTestExecutionListener@4e23c3]
17:11:54,522  INFO XmlBeanDefinitionReader:317 - Loading XML bean definitions from class path resource [applicationContext.xml]
17:11:56,887  INFO GenericApplicationContext:578 - Refreshing org.springframework.context.support.GenericApplicationContext@ff366c: startup date [Wed Mar 21 17:11:56 CST 2018]; root of context hierarchy
17:11:57,515  INFO AutowiredAnnotationBeanPostProcessor:153 - JSR-330 'javax.inject.Inject' annotation found and supported for autowiring
17:11:57,941  INFO MLog:80 - MLog clients using log4j logging.
17:11:58,906  INFO C3P0Registry:204 - Initializing c3p0-0.9.1.2 [built 21-May-2007 15:04:56; debug? true; trace: 10]
17:11:59,418  INFO LocalContainerEntityManagerFactoryBean:339 - Building JPA container EntityManagerFactory for persistence unit 'default'
17:11:59,419  WARN HibernatePersistence:41 - HHH015016: Encountered a deprecated javax.persistence.spi.PersistenceProvider [org.hibernate.ejb.HibernatePersistence]; use [org.hibernate.jpa.HibernatePersistenceProvider] instead.
17:12:00,651  INFO LogHelper:31 - HHH000204: Processing PersistenceUnitInfo [
	name: default
	...]
17:12:01,388  INFO Version:37 - HHH000412: Hibernate Core {5.0.7.Final}
17:12:01,391  INFO Environment:213 - HHH000206: hibernate.properties not found
17:12:01,394  INFO Environment:317 - HHH000021: Bytecode provider name : javassist
17:12:01,651  INFO Version:66 - HCANN000001: Hibernate Commons Annotations {5.0.1.Final}
17:12:02,363  INFO AbstractPoolBackedDataSource:462 - Initializing c3p0 pool... com.mchange.v2.c3p0.ComboPooledDataSource [ acquireIncrement -> 3, acquireRetryAttempts -> 30, acquireRetryDelay -> 1000, autoCommitOnClose -> false, automaticTestTable -> null, breakAfterAcquireFailure -> false, checkoutTimeout -> 0, connectionCustomizerClassName -> null, connectionTesterClassName -> com.mchange.v2.c3p0.impl.DefaultConnectionTester, dataSourceName -> 31srbr9ujxhdmm1uwwn8n|1cce62c, debugUnreturnedConnectionStackTraces -> false, description -> null, driverClass -> com.mysql.jdbc.Driver, factoryClassLocation -> null, forceIgnoreUnresolvedTransactions -> false, identityToken -> 31srbr9ujxhdmm1uwwn8n|1cce62c, idleConnectionTestPeriod -> 0, initialPoolSize -> 3, jdbcUrl -> jdbc:mysql:///bos, maxAdministrativeTaskTime -> 0, maxConnectionAge -> 0, maxIdleTime -> 0, maxIdleTimeExcessConnections -> 0, maxPoolSize -> 15, maxStatements -> 0, maxStatementsPerConnection -> 0, minPoolSize -> 3, numHelperThreads -> 3, numThreadsAwaitingCheckoutDefaultUser -> 0, preferredTestQuery -> null, properties -> {user=******, password=******}, propertyCycle -> 0, testConnectionOnCheckin -> false, testConnectionOnCheckout -> false, unreturnedConnectionTimeout -> 0, usesTraditionalReflectiveProxies -> false ]
17:12:02,940  INFO Dialect:156 - HHH000400: Using dialect: org.hibernate.dialect.MySQLDialect
17:12:03,044  INFO LobCreatorBuilderImpl:98 - HHH000423: Disabling contextual LOB creation as JDBC driver reported JDBC version [3] less than 4
17:12:05,088  INFO SchemaUpdate:105 - HHH000228: Running hbm2ddl schema update
17:12:06,824  INFO QueryTranslatorFactoryInitiator:47 - HHH000397: Using ASTQueryTranslatorFactory
17:12:07,204  WARN HqlSqlWalker:992 - [DEPRECATION] Encountered positional parameter near line 1, column 70 in HQL: [update com.itheima.bos.domain.base.Courier set deltag = 1 where id = ?].  Positional parameter are considered deprecated; use named parameters or JPA-style positional parameters instead.
17:12:07,279  WARN HqlSqlWalker:992 - [DEPRECATION] Encountered positional parameter near line 1, column 73 in HQL: [update com.itheima.bos.domain.base.Courier set deltag = null where id = ?].  Positional parameter are considered deprecated; use named parameters or JPA-style positional parameters instead.
17:12:07,365  WARN HqlSqlWalker:992 - [DEPRECATION] Encountered positional parameter near line 1, column 63 in HQL: [delete from com.itheima.bos.domain.base.Standard where name = ?].  Positional parameter are considered deprecated; use named parameters or JPA-style positional parameters instead.
17:12:07,376  WARN HqlSqlWalker:992 - [DEPRECATION] Encountered positional parameter near line 1, column 61 in HQL: [update com.itheima.bos.domain.base.Standard set maxWeight = ? where name = ?].  Positional parameter are considered deprecated; use named parameters or JPA-style positional parameters instead.
17:12:07,377  WARN HqlSqlWalker:992 - [DEPRECATION] Encountered positional parameter near line 1, column 76 in HQL: [update com.itheima.bos.domain.base.Standard set maxWeight = ? where name = ?].  Positional parameter are considered deprecated; use named parameters or JPA-style positional parameters instead.
17:12:07,387  WARN HqlSqlWalker:992 - [DEPRECATION] Encountered positional parameter near line 1, column 56 in HQL: [from com.itheima.bos.domain.base.Standard where name = ? and maxWeight = ?].  Positional parameter are considered deprecated; use named parameters or JPA-style positional parameters instead.
17:12:07,387  WARN HqlSqlWalker:992 - [DEPRECATION] Encountered positional parameter near line 1, column 74 in HQL: [from com.itheima.bos.domain.base.Standard where name = ? and maxWeight = ?].  Positional parameter are considered deprecated; use named parameters or JPA-style positional parameters instead.
17:12:07,537  WARN GenericApplicationContext:546 - Exception encountered during context initialization - cancelling refresh attempt: org.springframework.beans.factory.BeanCreationException: Error creating bean with name 'redisConnectionFactory' defined in class path resource [applicationContext.xml]: Invocation of init method failed; nested exception is java.lang.NoSuchMethodError: redis.clients.jedis.JedisShardInfo.setTimeout(I)V
17:12:07,543  INFO LocalContainerEntityManagerFactoryBean:462 - Closing JPA EntityManagerFactory for persistence unit 'default'
17:12:07,547 ERROR TestContextManager:231 - Caught exception while allowing TestExecutionListener [org.springframework.test.context.support.DependencyInjectionTestExecutionListener@1d4c4b7] to prepare test instance [com.itheima.bos.dao.test.RedisTest@43ecf0]
java.lang.IllegalStateException: Failed to load ApplicationContext
	at org.springframework.test.context.cache.DefaultCacheAwareContextLoaderDelegate.loadContext(DefaultCacheAwareContextLoaderDelegate.java:124)
	at org.springframework.test.context.support.DefaultTestContext.getApplicationContext(DefaultTestContext.java:83)
	at org.springframework.test.context.support.DependencyInjectionTestExecutionListener.injectDependencies(DependencyInjectionTestExecutionListener.java:117)
	at org.springframework.test.context.support.DependencyInjectionTestExecutionListener.prepareTestInstance(DependencyInjectionTestExecutionListener.java:83)
	at org.springframework.test.context.TestContextManager.prepareTestInstance(TestContextManager.java:228)
	at org.springframework.test.context.junit4.SpringJUnit4ClassRunner.createTest(SpringJUnit4ClassRunner.java:230)
	at org.springframework.test.context.junit4.SpringJUnit4ClassRunner$1.runReflectiveCall(SpringJUnit4ClassRunner.java:289)
	at org.junit.internal.runners.model.ReflectiveCallable.run(ReflectiveCallable.java:12)
	at org.springframework.test.context.junit4.SpringJUnit4ClassRunner.methodBlock(SpringJUnit4ClassRunner.java:291)
	at org.springframework.test.context.junit4.SpringJUnit4ClassRunner.runChild(SpringJUnit4ClassRunner.java:249)
	at org.springframework.test.context.junit4.SpringJUnit4ClassRunner.runChild(SpringJUnit4ClassRunner.java:89)
	at org.junit.runners.ParentRunner$3.run(ParentRunner.java:238)
	at org.junit.runners.ParentRunner$1.schedule(ParentRunner.java:63)
	at org.junit.runners.ParentRunner.runChildren(ParentRunner.java:236)
	at org.junit.runners.ParentRunner.access$000(ParentRunner.java:53)
	at org.junit.runners.ParentRunner$2.evaluate(ParentRunner.java:229)
	at org.springframework.test.context.junit4.statements.RunBeforeTestClassCallbacks.evaluate(RunBeforeTestClassCallbacks.java:61)
	at org.springframework.test.context.junit4.statements.RunAfterTestClassCallbacks.evaluate(RunAfterTestClassCallbacks.java:70)
	at org.junit.runners.ParentRunner.run(ParentRunner.java:309)
	at org.springframework.test.context.junit4.SpringJUnit4ClassRunner.run(SpringJUnit4ClassRunner.java:193)
	at org.eclipse.jdt.internal.junit4.runner.JUnit4TestReference.run(JUnit4TestReference.java:86)
	at org.eclipse.jdt.internal.junit.runner.TestExecution.run(TestExecution.java:38)
	at org.eclipse.jdt.internal.junit.runner.RemoteTestRunner.runTests(RemoteTestRunner.java:459)
	at org.eclipse.jdt.internal.junit.runner.RemoteTestRunner.runTests(RemoteTestRunner.java:675)
	at org.eclipse.jdt.internal.junit.runner.RemoteTestRunner.run(RemoteTestRunner.java:382)
	at org.eclipse.jdt.internal.junit.runner.RemoteTestRunner.main(RemoteTestRunner.java:192)
Caused by: org.springframework.beans.factory.BeanCreationException: Error creating bean with name 'redisConnectionFactory' defined in class path resource [applicationContext.xml]: Invocation of init method failed; nested exception is java.lang.NoSuchMethodError: redis.clients.jedis.JedisShardInfo.setTimeout(I)V
	at org.springframework.beans.factory.support.AbstractAutowireCapableBeanFactory.initializeBean(AbstractAutowireCapableBeanFactory.java:1578)
	at org.springframework.beans.factory.support.AbstractAutowireCapableBeanFactory.doCreateBean(AbstractAutowireCapableBeanFactory.java:545)
	at org.springframework.beans.factory.support.AbstractAutowireCapableBeanFactory.createBean(AbstractAutowireCapableBeanFactory.java:482)
	at org.springframework.beans.factory.support.AbstractBeanFactory$1.getObject(AbstractBeanFactory.java:306)
	at org.springframework.beans.factory.support.DefaultSingletonBeanRegistry.getSingleton(DefaultSingletonBeanRegistry.java:230)
	at org.springframework.beans.factory.support.AbstractBeanFactory.doGetBean(AbstractBeanFactory.java:302)
	at org.springframework.beans.factory.support.AbstractBeanFactory.getBean(AbstractBeanFactory.java:197)
	at org.springframework.beans.factory.support.DefaultListableBeanFactory.preInstantiateSingletons(DefaultListableBeanFactory.java:772)
	at org.springframework.context.support.AbstractApplicationContext.finishBeanFactoryInitialization(AbstractApplicationContext.java:839)
	at org.springframework.context.support.AbstractApplicationContext.refresh(AbstractApplicationContext.java:538)
	at org.springframework.test.context.support.AbstractGenericContextLoader.loadContext(AbstractGenericContextLoader.java:125)
	at org.springframework.test.context.support.AbstractGenericContextLoader.loadContext(AbstractGenericContextLoader.java:60)
	at org.springframework.test.context.support.AbstractDelegatingSmartContextLoader.delegateLoading(AbstractDelegatingSmartContextLoader.java:109)
	at org.springframework.test.context.support.AbstractDelegatingSmartContextLoader.loadContext(AbstractDelegatingSmartContextLoader.java:261)
	at org.springframework.test.context.cache.DefaultCacheAwareContextLoaderDelegate.loadContextInternal(DefaultCacheAwareContextLoaderDelegate.java:98)
	at org.springframework.test.context.cache.DefaultCacheAwareContextLoaderDelegate.loadContext(DefaultCacheAwareContextLoaderDelegate.java:116)
	... 25 more
Caused by: java.lang.NoSuchMethodError: redis.clients.jedis.JedisShardInfo.setTimeout(I)V
	at org.springframework.data.redis.connection.jedis.JedisConnectionFactory.afterPropertiesSet(JedisConnectionFactory.java:168)
	at org.springframework.beans.factory.support.AbstractAutowireCapableBeanFactory.invokeInitMethods(AbstractAutowireCapableBeanFactory.java:1637)
	at org.springframework.beans.factory.support.AbstractAutowireCapableBeanFactory.initializeBean(AbstractAutowireCapableBeanFactory.java:1574)
	... 40 more
